<?xml version="1.0" encoding="UTF-8" ?>
<testsuite failures="0" time="0.011" errors="0" skipped="0" tests="1" name="org.mobicents.servlet.sip.weld.AppTest">
  <properties>
    <property name="java.runtime.name" value="Java(TM) SE Runtime Environment"/>
    <property name="sun.boot.library.path" value="/data/devWorkspace/jdk6/jdk1.6.0_21/jre/lib/amd64"/>
    <property name="java.vm.version" value="17.0-b16"/>
    <property name="java.vm.vendor" value="Sun Microsystems Inc."/>
    <property name="java.vendor.url" value="http://java.sun.com/"/>
    <property name="path.separator" value=":"/>
    <property name="java.vm.name" value="Java HotSpot(TM) 64-Bit Server VM"/>
    <property name="file.encoding.pkg" value="sun.io"/>
    <property name="user.country" value="US"/>
    <property name="sun.java.launcher" value="SUN_STANDARD"/>
    <property name="sun.os.patch.level" value="unknown"/>
    <property name="java.vm.specification.name" value="Java Virtual Machine Specification"/>
    <property name="user.dir" value="/data/devWorkspace/eclipse/eclipseMSS/localWorkspace/CDI/cdi-telco-framework/core/sip-utilities-extension"/>
    <property name="java.runtime.version" value="1.6.0_21-b06"/>
    <property name="java.awt.graphicsenv" value="sun.awt.X11GraphicsEnvironment"/>
    <property name="basedir" value="/data/devWorkspace/eclipse/eclipseMSS/localWorkspace/CDI/cdi-telco-framework/core/sip-utilities-extension"/>
    <property name="java.endorsed.dirs" value="/data/devWorkspace/jdk6/jdk1.6.0_21/jre/lib/endorsed"/>
    <property name="os.arch" value="amd64"/>
    <property name="surefire.real.class.path" value="/tmp/surefirebooter3038858866968477857.jar"/>
    <property name="java.io.tmpdir" value="/tmp"/>
    <property name="line.separator" value="
"/>
    <property name="java.vm.specification.vendor" value="Sun Microsystems Inc."/>
    <property name="os.name" value="Linux"/>
    <property name="sun.jnu.encoding" value="UTF-8"/>
    <property name="java.library.path" value="/data/devWorkspace/jdk6/jdk1.6.0_21/jre/lib/amd64/server:/data/devWorkspace/jdk6/jdk1.6.0_21/jre/lib/amd64:/data/devWorkspace/jdk6/jdk1.6.0_21/jre/../lib/amd64:/usr/java/packages/lib/amd64:/usr/lib64:/lib64:/lib:/usr/lib"/>
    <property name="surefire.test.class.path" value="/data/devWorkspace/eclipse/eclipseMSS/localWorkspace/CDI/cdi-telco-framework/core/sip-utilities-extension/target/test-classes:/data/devWorkspace/eclipse/eclipseMSS/localWorkspace/CDI/cdi-telco-framework/core/sip-utilities-extension/target/classes:/home/gvagenas/.m2/repository/junit/junit/3.8.1/junit-3.8.1.jar:/home/gvagenas/.m2/repository/javax/servlet/servlet-api/2.5/servlet-api-2.5.jar:/home/gvagenas/.m2/repository/log4j/log4j/1.2.14/log4j-1.2.14.jar:/home/gvagenas/.m2/repository/org/jboss/weld/servlet/weld-servlet/1.1.0.Final/weld-servlet-1.1.0.Final.jar:/home/gvagenas/.m2/repository/org/glassfish/web/el-impl/2.1.2-b04/el-impl-2.1.2-b04.jar:/home/gvagenas/.m2/repository/javax/el/el-api/2.1.2-b04/el-api-2.1.2-b04.jar:/home/gvagenas/.m2/repository/org/mobicents/servlet/sip/sip-servlets-impl/2.0.0-SNAPSHOT/sip-servlets-impl-2.0.0-SNAPSHOT.jar:/home/gvagenas/.m2/repository/org/mobicents/servlet/sip/sip-servlets-spec/2.0.0-SNAPSHOT/sip-servlets-spec-2.0.0-SNAPSHOT.jar:/home/gvagenas/.m2/repository/org/mobicents/servlet/sip/sip-servlets-annotations/2.0.0-SNAPSHOT/sip-servlets-annotations-2.0.0-SNAPSHOT.jar:/home/gvagenas/.m2/repository/org/mobicents/servlet/sip/sip-servlets-client/2.0.0-SNAPSHOT/sip-servlets-client-2.0.0-SNAPSHOT.jar:/home/gvagenas/.m2/repository/org/mobicents/servlet/sip/sip-servlets-jruby/2.0.0-SNAPSHOT/sip-servlets-jruby-2.0.0-SNAPSHOT.jar:"/>
    <property name="java.specification.name" value="Java Platform API Specification"/>
    <property name="java.class.version" value="50.0"/>
    <property name="sun.management.compiler" value="HotSpot 64-Bit Server Compiler"/>
    <property name="os.version" value="2.6.32-29-generic"/>
    <property name="user.home" value="/home/gvagenas"/>
    <property name="user.timezone" value=""/>
    <property name="java.awt.printerjob" value="sun.print.PSPrinterJob"/>
    <property name="file.encoding" value="UTF-8"/>
    <property name="java.specification.version" value="1.6"/>
    <property name="user.name" value="gvagenas"/>
    <property name="java.class.path" value="/data/devWorkspace/eclipse/eclipseMSS/localWorkspace/CDI/cdi-telco-framework/core/sip-utilities-extension/target/test-classes:/data/devWorkspace/eclipse/eclipseMSS/localWorkspace/CDI/cdi-telco-framework/core/sip-utilities-extension/target/classes:/home/gvagenas/.m2/repository/junit/junit/3.8.1/junit-3.8.1.jar:/home/gvagenas/.m2/repository/javax/servlet/servlet-api/2.5/servlet-api-2.5.jar:/home/gvagenas/.m2/repository/log4j/log4j/1.2.14/log4j-1.2.14.jar:/home/gvagenas/.m2/repository/org/jboss/weld/servlet/weld-servlet/1.1.0.Final/weld-servlet-1.1.0.Final.jar:/home/gvagenas/.m2/repository/org/glassfish/web/el-impl/2.1.2-b04/el-impl-2.1.2-b04.jar:/home/gvagenas/.m2/repository/javax/el/el-api/2.1.2-b04/el-api-2.1.2-b04.jar:/home/gvagenas/.m2/repository/org/mobicents/servlet/sip/sip-servlets-impl/2.0.0-SNAPSHOT/sip-servlets-impl-2.0.0-SNAPSHOT.jar:/home/gvagenas/.m2/repository/org/mobicents/servlet/sip/sip-servlets-spec/2.0.0-SNAPSHOT/sip-servlets-spec-2.0.0-SNAPSHOT.jar:/home/gvagenas/.m2/repository/org/mobicents/servlet/sip/sip-servlets-annotations/2.0.0-SNAPSHOT/sip-servlets-annotations-2.0.0-SNAPSHOT.jar:/home/gvagenas/.m2/repository/org/mobicents/servlet/sip/sip-servlets-client/2.0.0-SNAPSHOT/sip-servlets-client-2.0.0-SNAPSHOT.jar:/home/gvagenas/.m2/repository/org/mobicents/servlet/sip/sip-servlets-jruby/2.0.0-SNAPSHOT/sip-servlets-jruby-2.0.0-SNAPSHOT.jar:"/>
    <property name="java.vm.specification.version" value="1.0"/>
    <property name="sun.arch.data.model" value="64"/>
    <property name="java.home" value="/data/devWorkspace/jdk6/jdk1.6.0_21/jre"/>
    <property name="java.specification.vendor" value="Sun Microsystems Inc."/>
    <property name="user.language" value="en"/>
    <property name="java.vm.info" value="mixed mode"/>
    <property name="java.version" value="1.6.0_21"/>
    <property name="java.ext.dirs" value="/data/devWorkspace/jdk6/jdk1.6.0_21/jre/lib/ext:/usr/java/packages/lib/ext"/>
    <property name="sun.boot.class.path" value="/data/devWorkspace/jdk6/jdk1.6.0_21/jre/lib/resources.jar:/data/devWorkspace/jdk6/jdk1.6.0_21/jre/lib/rt.jar:/data/devWorkspace/jdk6/jdk1.6.0_21/jre/lib/sunrsasign.jar:/data/devWorkspace/jdk6/jdk1.6.0_21/jre/lib/jsse.jar:/data/devWorkspace/jdk6/jdk1.6.0_21/jre/lib/jce.jar:/data/devWorkspace/jdk6/jdk1.6.0_21/jre/lib/charsets.jar:/data/devWorkspace/jdk6/jdk1.6.0_21/jre/classes"/>
    <property name="java.vendor" value="Sun Microsystems Inc."/>
    <property name="localRepository" value="/home/gvagenas/.m2/repository"/>
    <property name="file.separator" value="/"/>
    <property name="java.vendor.url.bug" value="http://java.sun.com/cgi-bin/bugreport.cgi"/>
    <property name="sun.cpu.endian" value="little"/>
    <property name="sun.io.unicode.encoding" value="UnicodeLittle"/>
    <property name="sun.desktop" value="gnome"/>
    <property name="sun.cpu.isalist" value=""/>
  </properties>
  <testcase time="0.001" classname="org.mobicents.servlet.sip.weld.AppTest" name="testApp"/>
</testsuite>